'check_load'=>'{"1min":"0.24","5min":"0.05","15min":"0.24"}'||
'getonlinetime'=>'{"onlinetime":"12 days, 3:25"}'||
'getonlineuser'=>'{"onlineuse":"2"}'||
'get_bandwidth_0'=>'{"device":"eth0","in":"4024386714","out":"184326929"}'||
'check_cpuinfo'=>'{"cpu_type":" Intel(R) Xeon(R) CPU           E5506","cpu_mhz":" 2.13GHz","cpu_number":"0","cpu_cores":"4"}'||
'check_meminfo'=>'{"mem_totel":"2011MB","mem_free":"9MB","mem_buffer":"694MB","mem_cache":"1316MB","mem_swap_totel":"3999MB","mem_swap_free":"3999MB"}'||
'check_disk_0'=>'{"Filesystem":"/dev/mapper/VolGroup00-LogVol00","Size":"142G","Used":"16G","Avail":"119G","Use%":"12%","Mounted":"/"}'||
'check_disk_1'=>'{"Filesystem":"/dev/sda1","Size":"99M","Used":"13M","Avail":"82M","Use%":"14%","Mounted":"/boot"}'||
'check_disk_2'=>'{"Filesystem":"tmpfs","Size":"1006M","Used":"0","Avail":"1006M","Use%":"0%","Mounted":"/dev/shm"}'||
'check_service'=>'{"22_ssh":"OK","80_nginx":"OK","3306_mysql":"OK","10624_python":"OK"}'||
'get_10_of_mem_0'=>'{"PID":"3206","%mem":"21.9","command":"mysqld"}'||
'get_10_of_cpu_0'=>'{"PID":"3206","%cpu":"0.5","command":"mysqld"}'||
'get_10_of_mem_1'=>'{"PID":"3198","%mem":"1.2","command":"nginx"}'||
'get_10_of_cpu_1'=>'{"PID":"9914","%cpu":"0.0","command":""}'||
'get_10_of_mem_2'=>'{"PID":"3197","%mem":"1.2","command":"nginx"}'||
'get_10_of_cpu_2'=>'{"PID":"9913","%cpu":"0.0","command":""}'||
'get_10_of_mem_3'=>'{"PID":"3195","%mem":"1.2","command":"nginx"}'||
'get_10_of_cpu_3'=>'{"PID":"9912","%cpu":"0.0","command":""}'||
'get_10_of_mem_4'=>'{"PID":"3194","%mem":"1.2","command":"nginx"}'||
'get_10_of_cpu_4'=>'{"PID":"9911","%cpu":"0.0","command":""}'||
'get_10_of_cpu_5'=>'{"PID":"9908","%cpu":"0.0","command":""}'||
'get_10_of_mem_5'=>'{"PID":"3193","%mem":"1.2","command":"nginx"}'||
'get_10_of_cpu_6'=>'{"PID":"9900","%cpu":"0.0","command":""}'||
'get_10_of_mem_6'=>'{"PID":"3192","%mem":"1.2","command":"nginx"}'||
'get_10_of_cpu_7'=>'{"PID":"9899","%cpu":"0.0","command":"sh"}'||
'get_10_of_mem_7'=>'{"PID":"3191","%mem":"1.2","command":"nginx"}'||
'get_10_of_cpu_8'=>'{"PID":"9895","%cpu":"0.0","command":"sh"}'||
'get_10_of_mem_8'=>'{"PID":"3189","%mem":"1.2","command":"nginx"}'||
'get_10_of_cpu_9'=>'{"PID":"9893","%cpu":"0.0","command":""}'||
'get_10_of_mem_9'=>'{"PID":"3187","%mem":"0.3","command":"nginx"}'||
